<?xml version="1.0" encoding="UTF-8"?>
<!-- Generated by org.testng.reporters.JUnitReportReporter -->
<testsuite hostname="L-H0HY6R1" name="AtheneUSA.SeleniumwithMavenProject.AppTest" tests="2" failures="0" timestamp="3 Jun 2016 19:01:51 GMT" time="5.827" errors="0">
  <testcase name="pageTitleAfterSearchShouldBeginWithSelenium" time="3.440" classname="AtheneUSA.SeleniumwithMavenProject.AppTest"/>
  <testcase name="pageTitleAfterSearchShouldBeginWithSelenium" time="2.387" classname="AtheneUSA.SeleniumwithMavenProject.AppTest"/>
</testsuite> <!-- AtheneUSA.SeleniumwithMavenProject.AppTest -->
